0 info it worked if it ends with ok
1 verbose cli [ 'node', '/Users/mattboldt/.nvm/v0.10.22/bin/npm', 'init' ]
2 info using npm@2.8.4
3 info using node@v0.10.22
4 silly package data undefined
5 info init written successfully
6 verbose stack Error: Invalid version: "npm install ember-template-compiler --save"
6 verbose stack     at Object.module.exports.fixVersionField (/Users/mattboldt/.nvm/v0.10.22/lib/node_modules/npm/node_modules/normalize-package-data/lib/fixer.js:184:13)
6 verbose stack     at /Users/mattboldt/.nvm/v0.10.22/lib/node_modules/npm/node_modules/normalize-package-data/lib/normalize.js:30:38
6 verbose stack     at Array.forEach (native)
6 verbose stack     at normalize (/Users/mattboldt/.nvm/v0.10.22/lib/node_modules/npm/node_modules/normalize-package-data/lib/normalize.js:29:15)
6 verbose stack     at final (/Users/mattboldt/.nvm/v0.10.22/lib/node_modules/npm/node_modules/read-package-json/read-json.js:338:5)
6 verbose stack     at then (/Users/mattboldt/.nvm/v0.10.22/lib/node_modules/npm/node_modules/read-package-json/read-json.js:113:5)
6 verbose stack     at /Users/mattboldt/.nvm/v0.10.22/lib/node_modules/npm/node_modules/read-package-json/read-json.js:284:20
6 verbose stack     at evalmachine.<anonymous>:207:20
6 verbose stack     at OpenReq.Req.done (/Users/mattboldt/.nvm/v0.10.22/lib/node_modules/npm/node_modules/graceful-fs/graceful-fs.js:141:5)
6 verbose stack     at OpenReq.done (/Users/mattboldt/.nvm/v0.10.22/lib/node_modules/npm/node_modules/graceful-fs/graceful-fs.js:61:22)
7 verbose cwd /Users/mattboldt/Documents/Personal/Web Development/pay-me-rent
8 error Darwin 14.5.0
9 error argv "node" "/Users/mattboldt/.nvm/v0.10.22/bin/npm" "init"
10 error node v0.10.22
11 error npm  v2.8.4
12 error Invalid version: "npm install ember-template-compiler --save"
13 error If you need help, you may report this error at:
13 error     <https://github.com/npm/npm/issues>
14 verbose exit [ 1, true ]
